/gpfs/home/ptseng/Torkamani_Projects/20210712_Analysis-RegeniePaper
Loading required package: bigstatsr
[1] "Loading bigSNP objects..."
[1] "DONE"
[1] "Loading summary statistics..."
tibble [1,054,330 × 11] (S3: tbl_df/tbl/data.frame)
 $ chr       : int [1:1054330] 1 1 1 1 1 1 1 1 1 1 ...
 $ pos       : int [1:1054330] 752721 754182 760912 768448 779322 838555 846808 853954 854250 864938 ...
 $ a0        : chr [1:1054330] "A" "A" "C" "G" ...
 $ a1        : chr [1:1054330] "G" "G" "T" "A" ...
 $ rsid      : chr [1:1054330] "rs3131972" "rs3131969" "rs1048488" "rs12562034" ...
 $ af_UKBB   : num [1:1054330] 0.841 0.87 0.84 0.106 0.128 ...
 $ ld        : num [1:1054330] 3.69 3.73 3.69 1.4 3.68 ...
 $ pos_hg17  : int [1:1054330] 792584 794045 800775 808311 819185 878418 886671 893817 894113 904801 ...
 $ pos_hg18  : int [1:1054330] 742584 744045 750775 758311 769185 828418 836671 843817 844113 854801 ...
 $ pos_hg38  : int [1:1054330] 817341 818802 825532 833068 843942 903175 911428 918574 918870 929558 ...
 $ chromosome: num [1:1054330] 1 1 1 1 1 1 1 1 1 1 ...
tibble [1,054,330 × 4] (S3: tbl_df/tbl/data.frame)
 $ chr: int [1:1054330] 1 1 1 1 1 1 1 1 1 1 ...
 $ pos: int [1:1054330] 752721 754182 760912 768448 779322 838555 846808 853954 854250 864938 ...
 $ a0 : chr [1:1054330] "A" "A" "C" "G" ...
 $ a1 : chr [1:1054330] "G" "G" "T" "A" ...
'data.frame':	501536 obs. of  13 variables:
 $ chr    : int  1 1 1 1 1 1 1 1 1 1 ...
 $ pos    : int  761147 801536 809876 835499 838555 840753 846864 849998 850780 851390 ...
 $ rsid   : chr  "rs3115850" "rs79373928" "rs57181708" "rs4422948" ...
 $ a0     : chr  "C" "G" "G" "G" ...
 $ a1     : chr  "T" "T" "A" "A" ...
 $ a1_freq: num  0.17 0.986 0.895 0.755 0.749 ...
 $ info   : num  0.99 1 1 1 1 ...
 $ n_eff  : int  485303 485303 485303 485303 485303 485303 485303 485303 485303 485303 ...
 $ test   : chr  "ADD" "ADD" "ADD" "ADD" ...
 $ beta   : num  -0.06747 -0.13961 0.00222 0.02473 0.03427 ...
 $ beta_se: num  0.0166 0.0523 0.0201 0.0144 0.0143 ...
 $ chi_sq : num  16.4679 7.1154 0.0122 2.9524 5.7596 ...
 $ log_p  : num  4.3056 2.1168 0.0399 1.0668 1.7852 ...
501,536 variants to be matched.
0 ambiguous SNPs have been removed.
113,194 variants have been matched; 0 were flipped and 113,194 were reversed.
Error: Not enough variants have been matched.
Execution halted
