/gpfs/home/ptseng/Torkamani_Projects/20210712_Analysis-RegeniePaper
Loading required package: bigstatsr
Error: package or namespace load failed for ‘optparse’:
 package ‘optparse’ was installed before R 4.0.0: please re-install it
Execution halted
sending incremental file list
rsync: link_stat "/scratch_ssd/temp.*" failed: No such file or directory (2)

sent 18 bytes  received 12 bytes  60.00 bytes/sec
total size is 0  speedup is 0.00
rsync error: some files/attrs were not transferred (see previous errors) (code 23) at main.c(1179) [sender=3.1.2]
rm: cannot remove ‘/scratch_ssd/lost+found’: Operation not permitted
Loading required package: bigstatsr
Error: package or namespace load failed for ‘optparse’:
 package ‘optparse’ was installed before R 4.0.0: please re-install it
Execution halted
sending incremental file list
rsync: link_stat "/scratch_ssd/temp.*" failed: No such file or directory (2)

sent 18 bytes  received 12 bytes  60.00 bytes/sec
total size is 0  speedup is 0.00
rsync error: some files/attrs were not transferred (see previous errors) (code 23) at main.c(1179) [sender=3.1.2]
rm: cannot remove ‘/scratch_ssd/lost+found’: Operation not permitted
Loading required package: bigstatsr
Error: package or namespace load failed for ‘optparse’:
 package ‘optparse’ was installed before R 4.0.0: please re-install it
Execution halted
sending incremental file list
rsync: link_stat "/scratch_ssd/temp.*" failed: No such file or directory (2)

sent 18 bytes  received 12 bytes  60.00 bytes/sec
total size is 0  speedup is 0.00
rsync error: some files/attrs were not transferred (see previous errors) (code 23) at main.c(1179) [sender=3.1.2]
rm: cannot remove ‘/scratch_ssd/lost+found’: Operation not permitted
Loading required package: bigstatsr
Error: package or namespace load failed for ‘optparse’:
 package ‘optparse’ was installed before R 4.0.0: please re-install it
Execution halted
sending incremental file list
rsync: link_stat "/scratch_ssd/temp.*" failed: No such file or directory (2)

sent 18 bytes  received 12 bytes  60.00 bytes/sec
total size is 0  speedup is 0.00
rsync error: some files/attrs were not transferred (see previous errors) (code 23) at main.c(1179) [sender=3.1.2]
rm: cannot remove ‘/scratch_ssd/lost+found’: Operation not permitted
Loading required package: bigstatsr
Error: package or namespace load failed for ‘optparse’:
 package ‘optparse’ was installed before R 4.0.0: please re-install it
Execution halted
sending incremental file list
rsync: link_stat "/scratch_ssd/temp.*" failed: No such file or directory (2)

sent 18 bytes  received 12 bytes  60.00 bytes/sec
total size is 0  speedup is 0.00
rsync error: some files/attrs were not transferred (see previous errors) (code 23) at main.c(1179) [sender=3.1.2]
rm: cannot remove ‘/scratch_ssd/lost+found’: Operation not permitted
Loading required package: bigstatsr
Error: package or namespace load failed for ‘optparse’:
 package ‘optparse’ was installed before R 4.0.0: please re-install it
Execution halted
sending incremental file list
rsync: link_stat "/scratch_ssd/temp.*" failed: No such file or directory (2)

sent 18 bytes  received 12 bytes  60.00 bytes/sec
total size is 0  speedup is 0.00
rsync error: some files/attrs were not transferred (see previous errors) (code 23) at main.c(1179) [sender=3.1.2]
rm: cannot remove ‘/scratch_ssd/lost+found’: Operation not permitted
Loading required package: bigstatsr
Error: package or namespace load failed for ‘optparse’:
 package ‘optparse’ was installed before R 4.0.0: please re-install it
Execution halted
sending incremental file list
rsync: link_stat "/scratch_ssd/temp.*" failed: No such file or directory (2)

sent 18 bytes  received 12 bytes  60.00 bytes/sec
total size is 0  speedup is 0.00
rsync error: some files/attrs were not transferred (see previous errors) (code 23) at main.c(1179) [sender=3.1.2]
rm: cannot remove ‘/scratch_ssd/lost+found’: Operation not permitted
Loading required package: bigstatsr
Error: package or namespace load failed for ‘optparse’:
 package ‘optparse’ was installed before R 4.0.0: please re-install it
Execution halted
sending incremental file list
rsync: link_stat "/scratch_ssd/temp.*" failed: No such file or directory (2)

sent 18 bytes  received 12 bytes  60.00 bytes/sec
total size is 0  speedup is 0.00
rsync error: some files/attrs were not transferred (see previous errors) (code 23) at main.c(1179) [sender=3.1.2]
rm: cannot remove ‘/scratch_ssd/lost+found’: Operation not permitted
Loading required package: bigstatsr
Error: package or namespace load failed for ‘optparse’:
 package ‘optparse’ was installed before R 4.0.0: please re-install it
Execution halted
sending incremental file list
rsync: link_stat "/scratch_ssd/temp.*" failed: No such file or directory (2)

sent 18 bytes  received 12 bytes  60.00 bytes/sec
total size is 0  speedup is 0.00
rsync error: some files/attrs were not transferred (see previous errors) (code 23) at main.c(1179) [sender=3.1.2]
rm: cannot remove ‘/scratch_ssd/lost+found’: Operation not permitted
Loading required package: bigstatsr
Error: package or namespace load failed for ‘optparse’:
 package ‘optparse’ was installed before R 4.0.0: please re-install it
Execution halted
sending incremental file list
rsync: link_stat "/scratch_ssd/temp.*" failed: No such file or directory (2)

sent 18 bytes  received 12 bytes  60.00 bytes/sec
total size is 0  speedup is 0.00
rsync error: some files/attrs were not transferred (see previous errors) (code 23) at main.c(1179) [sender=3.1.2]
rm: cannot remove ‘/scratch_ssd/lost+found’: Operation not permitted
Loading required package: bigstatsr
Error: package or namespace load failed for ‘optparse’:
 package ‘optparse’ was installed before R 4.0.0: please re-install it
Execution halted
sending incremental file list
rsync: link_stat "/scratch_ssd/temp.*" failed: No such file or directory (2)

sent 18 bytes  received 12 bytes  60.00 bytes/sec
total size is 0  speedup is 0.00
rsync error: some files/attrs were not transferred (see previous errors) (code 23) at main.c(1179) [sender=3.1.2]
rm: cannot remove ‘/scratch_ssd/lost+found’: Operation not permitted
Loading required package: bigstatsr
Error: package or namespace load failed for ‘optparse’:
 package ‘optparse’ was installed before R 4.0.0: please re-install it
Execution halted
sending incremental file list
rsync: link_stat "/scratch_ssd/temp.*" failed: No such file or directory (2)

sent 18 bytes  received 12 bytes  60.00 bytes/sec
total size is 0  speedup is 0.00
rsync error: some files/attrs were not transferred (see previous errors) (code 23) at main.c(1179) [sender=3.1.2]
rm: cannot remove ‘/scratch_ssd/lost+found’: Operation not permitted
Loading required package: bigstatsr
Error: package or namespace load failed for ‘optparse’:
 package ‘optparse’ was installed before R 4.0.0: please re-install it
Execution halted
sending incremental file list
rsync: link_stat "/scratch_ssd/temp.*" failed: No such file or directory (2)

sent 18 bytes  received 12 bytes  60.00 bytes/sec
total size is 0  speedup is 0.00
rsync error: some files/attrs were not transferred (see previous errors) (code 23) at main.c(1179) [sender=3.1.2]
rm: cannot remove ‘/scratch_ssd/lost+found’: Operation not permitted
Loading required package: bigstatsr
Error: package or namespace load failed for ‘optparse’:
 package ‘optparse’ was installed before R 4.0.0: please re-install it
Execution halted
sending incremental file list
rsync: link_stat "/scratch_ssd/temp.*" failed: No such file or directory (2)

sent 18 bytes  received 12 bytes  60.00 bytes/sec
total size is 0  speedup is 0.00
rsync error: some files/attrs were not transferred (see previous errors) (code 23) at main.c(1179) [sender=3.1.2]
rm: cannot remove ‘/scratch_ssd/lost+found’: Operation not permitted
Loading required package: bigstatsr
Error: package or namespace load failed for ‘optparse’:
 package ‘optparse’ was installed before R 4.0.0: please re-install it
Execution halted
sending incremental file list
rsync: link_stat "/scratch_ssd/temp.*" failed: No such file or directory (2)

sent 18 bytes  received 12 bytes  60.00 bytes/sec
total size is 0  speedup is 0.00
rsync error: some files/attrs were not transferred (see previous errors) (code 23) at main.c(1179) [sender=3.1.2]
rm: cannot remove ‘/scratch_ssd/lost+found’: Operation not permitted
Loading required package: bigstatsr
Error: package or namespace load failed for ‘optparse’:
 package ‘optparse’ was installed before R 4.0.0: please re-install it
Execution halted
sending incremental file list
rsync: link_stat "/scratch_ssd/temp.*" failed: No such file or directory (2)

sent 18 bytes  received 12 bytes  60.00 bytes/sec
total size is 0  speedup is 0.00
rsync error: some files/attrs were not transferred (see previous errors) (code 23) at main.c(1179) [sender=3.1.2]
rm: cannot remove ‘/scratch_ssd/lost+found’: Operation not permitted
Loading required package: bigstatsr
Error: package or namespace load failed for ‘optparse’:
 package ‘optparse’ was installed before R 4.0.0: please re-install it
Execution halted
sending incremental file list
rsync: link_stat "/scratch_ssd/temp.*" failed: No such file or directory (2)

sent 18 bytes  received 12 bytes  20.00 bytes/sec
total size is 0  speedup is 0.00
rsync error: some files/attrs were not transferred (see previous errors) (code 23) at main.c(1179) [sender=3.1.2]
rm: cannot remove ‘/scratch_ssd/lost+found’: Operation not permitted
Loading required package: bigstatsr
Error: package or namespace load failed for ‘optparse’:
 package ‘optparse’ was installed before R 4.0.0: please re-install it
Execution halted
sending incremental file list
rsync: link_stat "/scratch_ssd/temp.*" failed: No such file or directory (2)

sent 18 bytes  received 12 bytes  60.00 bytes/sec
total size is 0  speedup is 0.00
rsync error: some files/attrs were not transferred (see previous errors) (code 23) at main.c(1179) [sender=3.1.2]
rm: cannot remove ‘/scratch_ssd/lost+found’: Operation not permitted
Loading required package: bigstatsr
Error: package or namespace load failed for ‘optparse’:
 package ‘optparse’ was installed before R 4.0.0: please re-install it
Execution halted
sending incremental file list
rsync: link_stat "/scratch_ssd/temp.*" failed: No such file or directory (2)

sent 18 bytes  received 12 bytes  60.00 bytes/sec
total size is 0  speedup is 0.00
rsync error: some files/attrs were not transferred (see previous errors) (code 23) at main.c(1179) [sender=3.1.2]
rm: cannot remove ‘/scratch_ssd/lost+found’: Operation not permitted
Loading required package: bigstatsr
Error: package or namespace load failed for ‘optparse’:
 package ‘optparse’ was installed before R 4.0.0: please re-install it
Execution halted
sending incremental file list
rsync: link_stat "/scratch_ssd/temp.*" failed: No such file or directory (2)

sent 18 bytes  received 12 bytes  60.00 bytes/sec
total size is 0  speedup is 0.00
rsync error: some files/attrs were not transferred (see previous errors) (code 23) at main.c(1179) [sender=3.1.2]
rm: cannot remove ‘/scratch_ssd/lost+found’: Operation not permitted
Loading required package: bigstatsr
Error: package or namespace load failed for ‘optparse’:
 package ‘optparse’ was installed before R 4.0.0: please re-install it
Execution halted
sending incremental file list
rsync: link_stat "/scratch_ssd/temp.*" failed: No such file or directory (2)

sent 18 bytes  received 12 bytes  60.00 bytes/sec
total size is 0  speedup is 0.00
rsync error: some files/attrs were not transferred (see previous errors) (code 23) at main.c(1179) [sender=3.1.2]
rm: cannot remove ‘/scratch_ssd/lost+found’: Operation not permitted
Loading required package: bigstatsr
Error: package or namespace load failed for ‘optparse’:
 package ‘optparse’ was installed before R 4.0.0: please re-install it
Execution halted
sending incremental file list
rsync: link_stat "/scratch_ssd/temp.*" failed: No such file or directory (2)

sent 18 bytes  received 12 bytes  60.00 bytes/sec
total size is 0  speedup is 0.00
rsync error: some files/attrs were not transferred (see previous errors) (code 23) at main.c(1179) [sender=3.1.2]
rm: cannot remove ‘/scratch_ssd/lost+found’: Operation not permitted
