/gpfs/home/ptseng/Torkamani_Projects/20210712_Analysis-RegeniePaper
Loading required package: bigstatsr
[1] "Loading bigSNP objects..."
[1] "DONE"
[1] "Loading summary statistics..."
tibble [1,054,330 × 11] (S3: tbl_df/tbl/data.frame)
 $ chr       : int [1:1054330] 1 1 1 1 1 1 1 1 1 1 ...
 $ pos       : int [1:1054330] 752721 754182 760912 768448 779322 838555 846808 853954 854250 864938 ...
 $ a0        : chr [1:1054330] "A" "A" "C" "G" ...
 $ a1        : chr [1:1054330] "G" "G" "T" "A" ...
 $ rsid      : chr [1:1054330] "rs3131972" "rs3131969" "rs1048488" "rs12562034" ...
 $ af_UKBB   : num [1:1054330] 0.841 0.87 0.84 0.106 0.128 ...
 $ ld        : num [1:1054330] 3.69 3.73 3.69 1.4 3.68 ...
 $ pos_hg17  : int [1:1054330] 792584 794045 800775 808311 819185 878418 886671 893817 894113 904801 ...
 $ pos_hg18  : int [1:1054330] 742584 744045 750775 758311 769185 828418 836671 843817 844113 854801 ...
 $ pos_hg38  : int [1:1054330] 817341 818802 825532 833068 843942 903175 911428 918574 918870 929558 ...
 $ chromosome: num [1:1054330] 1 1 1 1 1 1 1 1 1 1 ...
tibble [1,054,330 × 4] (S3: tbl_df/tbl/data.frame)
 $ chr: int [1:1054330] 1 1 1 1 1 1 1 1 1 1 ...
 $ pos: int [1:1054330] 752721 754182 760912 768448 779322 838555 846808 853954 854250 864938 ...
 $ a0 : chr [1:1054330] "A" "A" "C" "G" ...
 $ a1 : chr [1:1054330] "G" "G" "T" "A" ...
'data.frame':	11477146 obs. of  13 variables:
 $ chr    : int  1 1 1 1 1 1 1 1 1 1 ...
 $ pos    : int  10177 10352 10616 11008 11012 13110 13116 13118 13273 13453 ...
 $ rsid   : chr  "rs367896724" "rs201106462" "1:10616_CCGCCGTTGCAAAGGCGCGCCG_C" "rs575272151" ...
 $ a0     : chr  "A" "T" "CCGCCGTTGCAAAGGCGCGCCG" "C" ...
 $ a1     : chr  "AC" "TA" "C" "G" ...
 $ a1_freq: num  0.4008 0.3946 0.9942 0.0866 0.0866 ...
 $ info   : num  0.468 0.448 0.468 0.495 0.495 ...
 $ n_eff  : int  487275 487275 487275 487275 487275 487275 487275 487275 487275 487275 ...
 $ test   : chr  "ADD" "ADD" "ADD" "ADD" ...
 $ beta   : num  -0.00714 0.00733 -0.06065 -0.01191 -0.01191 ...
 $ beta_se: num  0.00968 0.00995 0.06204 0.01643 0.01643 ...
 $ chi_sq : num  0.543 0.544 0.956 0.525 0.525 ...
 $ log_p  : num  0.336 0.336 0.484 0.329 0.329 ...
11,477,146 variants to be matched.
0 ambiguous SNPs have been removed.
1,054,139 variants have been matched; 0 were flipped and 0 were reversed.
[1] "DONE"
[1] "Loading correlation info..."
[1] "ind-1"
 int [1:87142] 1 2 3 4 5 6 7 8 9 10 ...
[1] "ind-2"
 int [1:87142] 1 2 3 4 5 6 7 8 9 10 ...
[1] "ind-3"
 int [1:87142] 1 2 3 4 5 6 7 8 9 10 ...
[1] "readRDS"
Creating directory "tmp-data" which didn't exist..
[1] "ind-1"
 int [1:87521] 87143 87144 87145 87146 87147 87148 87149 87150 87151 87152 ...
[1] "ind-2"
 int [1:87521] 87146 87147 87148 87149 87150 87151 87152 87153 87154 87155 ...
[1] "ind-3"
 int [1:87521] 1 2 3 4 5 6 7 8 9 10 ...
[1] "readRDS"
[1] "ind-1"
 int [1:73409] 174664 174665 174666 174667 174668 174669 174670 174671 174672 174673 ...
[1] "ind-2"
 int [1:73409] 174667 174668 174669 174670 174671 174672 174673 174674 174675 174676 ...
[1] "ind-3"
 int [1:73409] 1 2 3 4 5 6 7 8 9 10 ...
[1] "readRDS"
[1] "ind-1"
 int [1:65488] 248073 248074 248075 248076 248077 248078 248079 248080 248081 248082 ...
[1] "ind-2"
 int [1:65488] 248081 248082 248083 248084 248085 248086 248087 248088 248089 248090 ...
[1] "ind-3"
 int [1:65488] 1 2 3 4 5 6 7 8 9 10 ...
[1] "readRDS"
[1] "ind-1"
 int [1:66323] 313561 313562 313563 313564 313565 313566 313567 313568 313569 313570 ...
[1] "ind-2"
 int [1:66323] 313571 313572 313573 313574 313575 313576 313577 313578 313579 313580 ...
[1] "ind-3"
 int [1:66323] 1 2 3 4 5 6 7 8 9 10 ...
[1] "readRDS"
[1] "ind-1"
 int [1:71046] 379884 379885 379886 379887 379888 379889 379890 379891 379892 379893 ...
[1] "ind-2"
 int [1:71046] 379901 379902 379903 379904 379905 379906 379907 379908 379909 379910 ...
[1] "ind-3"
 int [1:71046] 1 2 3 4 5 6 7 8 9 10 ...
[1] "readRDS"
[1] "ind-1"
 int [1:58033] 450930 450931 450932 450933 450934 450935 450936 450937 450938 450939 ...
[1] "ind-2"
 int [1:58033] 450947 450948 450949 450950 450951 450952 450953 450954 450955 450956 ...
[1] "ind-3"
 int [1:58033] 1 2 3 4 5 6 7 8 9 10 ...
[1] "readRDS"
[1] "ind-1"
 int [1:57070] 508963 508964 508965 508966 508967 508968 508969 508970 508971 508972 ...
[1] "ind-2"
 int [1:57070] 508983 508984 508985 508986 508987 508988 508989 508990 508991 508992 ...
[1] "ind-3"
 int [1:57070] 1 2 3 4 5 6 7 8 9 10 ...
[1] "readRDS"
[1] "ind-1"
 int [1:48475] 566033 566034 566035 566036 566037 566038 566039 566040 566041 566042 ...
[1] "ind-2"
 int [1:48475] 566067 566068 566069 566070 566071 566072 566073 566074 566075 566076 ...
[1] "ind-3"
 int [1:48475] 1 2 3 4 5 6 7 8 9 10 ...
[1] "readRDS"
[1] "ind-1"
 int [1:56536] 614508 614509 614510 614511 614512 614513 614514 614515 614516 614517 ...
[1] "ind-2"
 int [1:56536] 614542 614543 614544 614545 614546 614547 614548 614549 614550 614551 ...
[1] "ind-3"
 int [1:56536] 1 2 3 4 5 6 7 8 9 10 ...
[1] "readRDS"
[1] "ind-1"
 int [1:53950] 671044 671045 671046 671047 671048 671049 671050 671051 671052 671053 ...
[1] "ind-2"
 int [1:53950] 671091 671092 671093 671094 671095 671096 671097 671098 671099 671100 ...
[1] "ind-3"
 int [1:53950] 1 2 3 4 5 6 7 8 9 10 ...
[1] "readRDS"
[1] "ind-1"
 int [1:51492] 724994 724995 724996 724997 724998 724999 725000 725001 725002 725003 ...
[1] "ind-2"
 int [1:51492] 725056 725057 725058 725059 725060 725061 725062 725063 725064 725065 ...
[1] "ind-3"
 int [1:51492] 1 2 3 4 5 6 7 8 9 10 ...
[1] "readRDS"
[1] "ind-1"
 int [1:40107] 776486 776487 776488 776489 776490 776491 776492 776493 776494 776495 ...
[1] "ind-2"
 int [1:40107] 776548 776549 776550 776551 776552 776553 776554 776555 776556 776557 ...
[1] "ind-3"
 int [1:40107] 1 2 3 4 5 6 7 8 9 10 ...
[1] "readRDS"
[1] "ind-1"
 int [1:35074] 816593 816594 816595 816596 816597 816598 816599 816600 816601 816602 ...
[1] "ind-2"
 int [1:35074] 816678 816679 816680 816681 816682 816683 816684 816685 816686 816687 ...
[1] "ind-3"
 int [1:35074] 1 2 3 4 5 6 7 8 9 10 ...
[1] "readRDS"
[1] "ind-1"
 int [1:31768] 851667 851668 851669 851670 851671 851672 851673 851674 851675 851676 ...
[1] "ind-2"
 int [1:31768] 851771 851772 851773 851774 851775 851776 851777 851778 851779 851780 ...
[1] "ind-3"
 int [1:31768] 1 2 3 4 5 6 7 8 9 10 ...
[1] "readRDS"
[1] "ind-1"
 int [1:32431] 883435 883436 883437 883438 883439 883440 883441 883442 883443 883444 ...
[1] "ind-2"
 int [1:32431] 883539 883540 883541 883542 883543 883544 883545 883546 883547 883548 ...
[1] "ind-3"
 int [1:32431] 1 2 3 4 5 6 7 8 9 10 ...
[1] "readRDS"
[1] "ind-1"
 int [1:28771] 915866 915867 915868 915869 915870 915871 915872 915873 915874 915875 ...
[1] "ind-2"
 int [1:28771] 915970 915971 915972 915973 915974 915975 915976 915977 915978 915979 ...
[1] "ind-3"
 int [1:28771] 1 2 3 4 5 6 7 8 9 10 ...
[1] "readRDS"
[1] "ind-1"
 int [1:31479] 944637 944638 944639 944640 944641 944642 944643 944644 944645 944646 ...
[1] "ind-2"
 int [1:31479] 944741 944742 944743 944744 944745 944746 944747 944748 944749 944750 ...
[1] "ind-3"
 int [1:31479] 1 2 3 4 5 6 7 8 9 10 ...
[1] "readRDS"
[1] "ind-1"
 int [1:19772] 976116 976117 976118 976119 976120 976121 976122 976123 976124 976125 ...
[1] "ind-2"
 int [1:19772] 976238 976239 976240 976241 976242 976243 976244 976245 976246 976247 ...
[1] "ind-3"
 int [1:19772] 1 2 3 4 5 6 7 8 9 10 ...
[1] "readRDS"
[1] "ind-1"
 int [1:27691] 995888 995889 995890 995891 995892 995893 995894 995895 995896 995897 ...
[1] "ind-2"
 int [1:27691] 996041 996042 996043 996044 996045 996046 996047 996048 996049 996050 ...
[1] "ind-3"
 int [1:27691] 1 2 3 4 5 6 7 8 9 10 ...
[1] "readRDS"
[1] "ind-1"
 int [1:15113] 1023579 1023580 1023581 1023582 1023583 1023584 1023585 1023586 1023587 1023588 ...
[1] "ind-2"
 int [1:15113] 1023769 1023770 1023771 1023772 1023773 1023774 1023775 1023776 1023777 1023778 ...
[1] "ind-3"
 int [1:15113] 1 2 3 4 5 6 7 8 9 10 ...
[1] "readRDS"
[1] "ind-1"
 int [1:15448] 1038692 1038693 1038694 1038695 1038696 1038697 1038698 1038699 1038700 1038701 ...
[1] "ind-2"
 int [1:15448] 1038882 1038883 1038884 1038885 1038886 1038887 1038888 1038889 1038890 1038891 ...
[1] "ind-3"
 int [1:15448] 1 2 3 4 5 6 7 8 9 10 ...
[1] "readRDS"
[1] "DONE"
       int         h2 
1.02143231 0.04892578 
Error: 'X' is not of class 'FBM'.
Execution halted
