***********************************************
* GCTB 1.91                                   *
* Genome-wide Complex Trait Bayesian analysis *
* Author: Jian Zeng, Luke Lloyd-Jones         *
* MIT License                                 *
***********************************************

Analysis started: Tue Feb  5 08:50:31 2019

Options:

--bfile ../../../data/1000G_eur_chr22
--make-shrunk-ldm 
--gen-map ../../../../shrunk_ld/interpolated_OMNI_genetic_map/chr22.OMNI.interpolated_genetic_map
--snp 15001-20000
--out 1000G_eur_chr22

Reading PLINK FAM file from [../../../data/1000G_eur_chr22.fam].
378 individuals to be included from [../../../data/1000G_eur_chr22.fam].
Reading phenotypes from [../../../data/1000G_eur_chr22.fam].
Non-missing phenotypes of trait 1 of 378 individuals are included from [../../../data/1000G_eur_chr22.fam].
378 matched individuals are kept.
378 individuals assigned to processor tn217c.local at rank 0.
Reading PLINK BIM file from [../../../data/1000G_eur_chr22.bim].
15938 SNPs to be included from [../../../data/1000G_eur_chr22.bim].
Reading genetic map info from [../../../../shrunk_ld/interpolated_OMNI_genetic_map/chr22.OMNI.interpolated_genetic_map].
15938 matched SNPs in the genetic map file (in total 494328 SNPs).
15919 SNPs on 1 chromosomes are included.
Building shrunk LD matrix for SNPs 15001-20000 ...
Reading PLINK BED file from [../../../data/1000G_eur_chr22.bed] in SNP-major format ...
 read snp 0 read snp 1000 read snp 2000 read snp 3000 read snp 4000 read snp 5000 read snp 6000 read snp 7000 read snp 8000 read snp 9000 read snp 10000 read snp 11000 read snp 12000 read snp 13000 read snp 14000 read snp 15000
Using genetic map sample size of 183 please alter with --genmap-n if inappropriate.

Using European effective population size Ne=11490.7 please alter with --ne if inappropriate.

Per-SNP window size mean 15919 sd 0.
LD matrix diagonal mean 1.00742 variance 0.00345787.
Genotype data for 378 individuals and 919 SNPs are included from [../../../data/1000G_eur_chr22.bed].
Build of LD matrix completed (time used: 0:0:2).
Written the SNP info into file [1000G_eur_chr22.snp15001-20000.ldm.shrunk.info].
Written the LD matrix into file [1000G_eur_chr22.snp15001-20000.ldm.shrunk.bin].

Analysis finished: Tue Feb  5 08:50:33 2019
Computational time: 0:0:2
