PLINK v2.00a3LM 64-bit Intel (20 Apr 2021)
Options in effect:
  --bfile /mnt/stsi/stsi1/ptseng/UKBB_Resources/filtered_noimpute_bed/ukb_cal_allChrs_prune
  --keep /gpfs/home/ptseng/Torkamani_Projects/20210712_Analysis-RegeniePaper/LDpred/plink_filter_keep.txt
  --make-bed

Hostname: nodeb0227
Working directory: /gpfs/home/ptseng/Torkamani_Projects/20210712_Analysis-RegeniePaper/LDpred
Start time: Tue Aug 10 13:07:15 2021

Random number seed: 1628626035
128836 MiB RAM detected; reserving 64418 MiB for main workspace.
Using up to 16 threads (change this with --threads).
460108 samples (249814 females, 210294 males; 460108 founders) loaded from
/mnt/stsi/stsi1/ptseng/UKBB_Resources/filtered_noimpute_bed/ukb_cal_allChrs_prune.fam.
487427 variants loaded from
/mnt/stsi/stsi1/ptseng/UKBB_Resources/filtered_noimpute_bed/ukb_cal_allChrs_prune.bim.
Note: No phenotype data present.
--keep: 5000 samples remaining.
5000 samples (2769 females, 2231 males; 5000 founders) remaining after main
filters.
Writing plink2.fam ... done.
Writing plink2.bim ... done.
Writing plink2.bed ... done.

End time: Tue Aug 10 13:21:20 2021
